<?xml version="1.0" encoding="UTF-8"?>
<coverage generated="1728309474001" clover="3.2.0">
  <project timestamp="1728309474001" name="All files">
    <metrics statements="20" coveredstatements="12" conditionals="3" coveredconditionals="1" methods="7" coveredmethods="3" elements="30" coveredelements="16" complexity="0" loc="20" ncloc="20" packages="1" files="1" classes="1"/>
    <file name="AddNewChatForm.tsx" path="/Users/rahul.bansal/Downloads/wapp/src/Popups/AddNewChatForm.tsx">
      <metrics statements="20" coveredstatements="12" conditionals="3" coveredconditionals="1" methods="7" coveredmethods="3"/>
      <line num="1" count="1" type="stmt"/>
      <line num="2" count="1" type="stmt"/>
      <line num="8" count="1" type="stmt"/>
      <line num="9" count="13" type="stmt"/>
      <line num="10" count="13" type="stmt"/>
      <line num="12" count="13" type="stmt"/>
      <line num="14" count="13" type="stmt"/>
      <line num="15" count="0" type="stmt"/>
      <line num="16" count="0" type="stmt"/>
      <line num="21" count="0" type="stmt"/>
      <line num="24" count="13" type="stmt"/>
      <line num="25" count="0" type="stmt"/>
      <line num="27" count="13" type="stmt"/>
      <line num="28" count="12" type="cond" truecount="0" falsecount="1"/>
      <line num="29" count="0" type="stmt"/>
      <line num="30" count="0" type="stmt"/>
      <line num="33" count="13" type="stmt"/>
      <line num="40" count="12" type="stmt"/>
      <line num="51" count="0" type="stmt"/>
      <line num="68" count="0" type="stmt"/>
    </file>
  </project>
</coverage>
