{"/Users/rahul.bansal/Downloads/wapp/src/context.ts": {"path":"/Users/rahul.bansal/Downloads/wapp/src/context.ts","statementMap":{"0":{"start":{"line":18,"column":0},"end":{"line":18,"column":16}},"1":{"start":{"line":70,"column":0},"end":{"line":70,"column":16}},"2":{"start":{"line":1,"column":0},"end":{"line":1,"column":60}},"3":{"start":{"line":2,"column":0},"end":{"line":2,"column":34}},"4":{"start":{"line":5,"column":13},"end":{"line":5,"column":null}},"5":{"start":{"line":6,"column":13},"end":{"line":6,"column":null}},"6":{"start":{"line":8,"column":13},"end":{"line":8,"column":74}},"7":{"start":{"line":9,"column":13},"end":{"line":9,"column":null}},"8":{"start":{"line":11,"column":13},"end":{"line":11,"column":null}},"9":{"start":{"line":12,"column":13},"end":{"line":12,"column":null}},"10":{"start":{"line":19,"column":4},"end":{"line":46,"column":5}},"11":{"start":{"line":21,"column":34},"end":{"line":23,"column":14}},"12":{"start":{"line":22,"column":16},"end":{"line":22,"column":null}},"13":{"start":{"line":24,"column":30},"end":{"line":24,"column":40}},"14":{"start":{"line":25,"column":12},"end":{"line":25,"column":45}},"15":{"start":{"line":26,"column":12},"end":{"line":26,"column":81}},"16":{"start":{"line":27,"column":12},"end":{"line":27,"column":null}},"17":{"start":{"line":30,"column":29},"end":{"line":30,"column":46}},"18":{"start":{"line":31,"column":12},"end":{"line":31,"column":165}},"19":{"start":{"line":31,"column":55},"end":{"line":31,"column":165}},"20":{"start":{"line":32,"column":28},"end":{"line":39,"column":14}},"21":{"start":{"line":40,"column":12},"end":{"line":40,"column":81}},"22":{"start":{"line":41,"column":12},"end":{"line":41,"column":null}},"23":{"start":{"line":44,"column":12},"end":{"line":44,"column":null}},"24":{"start":{"line":71,"column":25},"end":{"line":71,"column":92}},"25":{"start":{"line":72,"column":33},"end":{"line":72,"column":50}},"26":{"start":{"line":74,"column":4},"end":{"line":120,"column":5}},"27":{"start":{"line":76,"column":12},"end":{"line":82,"column":null}},"28":{"start":{"line":83,"column":30},"end":{"line":86,"column":null}},"29":{"start":{"line":87,"column":12},"end":{"line":87,"column":79}},"30":{"start":{"line":88,"column":12},"end":{"line":88,"column":28}},"31":{"start":{"line":91,"column":41},"end":{"line":93,"column":14}},"32":{"start":{"line":92,"column":16},"end":{"line":92,"column":47}},"33":{"start":{"line":94,"column":12},"end":{"line":94,"column":63}},"34":{"start":{"line":95,"column":30},"end":{"line":98,"column":null}},"35":{"start":{"line":99,"column":12},"end":{"line":99,"column":79}},"36":{"start":{"line":100,"column":12},"end":{"line":100,"column":28}},"37":{"start":{"line":103,"column":39},"end":{"line":105,"column":14}},"38":{"start":{"line":104,"column":16},"end":{"line":104,"column":47}},"39":{"start":{"line":106,"column":12},"end":{"line":109,"column":null}},"40":{"start":{"line":110,"column":30},"end":{"line":113,"column":null}},"41":{"start":{"line":114,"column":12},"end":{"line":114,"column":79}},"42":{"start":{"line":115,"column":12},"end":{"line":115,"column":28}},"43":{"start":{"line":118,"column":12},"end":{"line":118,"column":null}}},"fnMap":{"0":{"name":"setMyConversationsList","decl":{"start":{"line":18,"column":16},"end":{"line":18,"column":38}},"loc":{"start":{"line":18,"column":96},"end":{"line":47,"column":1}}},"1":{"name":"(anonymous_1)","decl":{"start":{"line":21,"column":50},"end":{"line":21,"column":51}},"loc":{"start":{"line":21,"column":70},"end":{"line":23,"column":13}}},"2":{"name":"setAllConversations","decl":{"start":{"line":70,"column":16},"end":{"line":70,"column":35}},"loc":{"start":{"line":70,"column":92},"end":{"line":121,"column":1}}},"3":{"name":"(anonymous_3)","decl":{"start":{"line":91,"column":64},"end":{"line":91,"column":65}},"loc":{"start":{"line":91,"column":71},"end":{"line":93,"column":13}}},"4":{"name":"(anonymous_4)","decl":{"start":{"line":103,"column":62},"end":{"line":103,"column":63}},"loc":{"start":{"line":103,"column":69},"end":{"line":105,"column":13}}}},"branchMap":{"0":{"loc":{"start":{"line":19,"column":4},"end":{"line":46,"column":5}},"type":"switch","locations":[{"start":{"line":20,"column":8},"end":{"line":28,"column":9}},{"start":{"line":29,"column":8},"end":{"line":42,"column":9}},{"start":{"line":43,"column":8},"end":{"line":45,"column":9}}]},"1":{"loc":{"start":{"line":31,"column":12},"end":{"line":31,"column":165}},"type":"if","locations":[{"start":{"line":31,"column":12},"end":{"line":31,"column":165}}]},"2":{"loc":{"start":{"line":31,"column":15},"end":{"line":31,"column":54}},"type":"binary-expr","locations":[{"start":{"line":31,"column":15},"end":{"line":31,"column":26}},{"start":{"line":31,"column":30},"end":{"line":31,"column":54}}]},"3":{"loc":{"start":{"line":71,"column":25},"end":{"line":71,"column":92}},"type":"cond-expr","locations":[{"start":{"line":71,"column":59},"end":{"line":71,"column":87}},{"start":{"line":71,"column":90},"end":{"line":71,"column":92}}]},"4":{"loc":{"start":{"line":74,"column":4},"end":{"line":120,"column":5}},"type":"switch","locations":[{"start":{"line":75,"column":8},"end":{"line":89,"column":9}},{"start":{"line":90,"column":8},"end":{"line":101,"column":9}},{"start":{"line":102,"column":8},"end":{"line":116,"column":9}},{"start":{"line":117,"column":8},"end":{"line":119,"column":9}}]}},"s":{"0":3,"1":3,"2":3,"3":3,"4":3,"5":3,"6":3,"7":3,"8":3,"9":3,"10":0,"11":0,"12":0,"13":0,"14":0,"15":0,"16":0,"17":0,"18":0,"19":0,"20":0,"21":0,"22":0,"23":0,"24":1,"25":1,"26":1,"27":1,"28":1,"29":1,"30":1,"31":0,"32":0,"33":0,"34":0,"35":0,"36":0,"37":0,"38":0,"39":0,"40":0,"41":0,"42":0,"43":0},"f":{"0":0,"1":0,"2":1,"3":0,"4":0},"b":{"0":[0,0,0],"1":[0],"2":[0,0],"3":[0,1],"4":[1,0,0,0]}}
,"/Users/rahul.bansal/Downloads/wapp/src/Conversation/AllMessage.tsx": {"path":"/Users/rahul.bansal/Downloads/wapp/src/Conversation/AllMessage.tsx","statementMap":{"0":{"start":{"line":10,"column":0},"end":{"line":10,"column":24}},"1":{"start":{"line":1,"column":0},"end":{"line":1,"column":33}},"2":{"start":{"line":2,"column":0},"end":{"line":2,"column":31}},"3":{"start":{"line":3,"column":0},"end":{"line":3,"column":69}},"4":{"start":{"line":4,"column":0},"end":{"line":4,"column":35}},"5":{"start":{"line":11,"column":27},"end":{"line":11,"column":60}},"6":{"start":{"line":12,"column":29},"end":{"line":12,"column":57}},"7":{"start":{"line":13,"column":4},"end":{"line":13,"column":35}},"8":{"start":{"line":13,"column":23},"end":{"line":13,"column":35}},"9":{"start":{"line":15,"column":25},"end":{"line":18,"column":41}},"10":{"start":{"line":16,"column":25},"end":{"line":16,"column":57}},"11":{"start":{"line":17,"column":8},"end":{"line":17,"column":30}},"12":{"start":{"line":20,"column":4},"end":{"line":35,"column":6}},"13":{"start":{"line":24,"column":37},"end":{"line":24,"column":78}},"14":{"start":{"line":25,"column":20},"end":{"line":31,"column":null}}},"fnMap":{"0":{"name":"AllMessage","decl":{"start":{"line":10,"column":24},"end":{"line":10,"column":34}},"loc":{"start":{"line":10,"column":53},"end":{"line":36,"column":1}}},"1":{"name":"(anonymous_2)","decl":{"start":{"line":15,"column":33},"end":{"line":15,"column":35}},"loc":{"start":{"line":15,"column":37},"end":{"line":18,"column":5}}},"2":{"name":"(anonymous_3)","decl":{"start":{"line":23,"column":33},"end":{"line":23,"column":34}},"loc":{"start":{"line":23,"column":44},"end":{"line":32,"column":17}}}},"branchMap":{"0":{"loc":{"start":{"line":13,"column":4},"end":{"line":13,"column":35}},"type":"if","locations":[{"start":{"line":13,"column":4},"end":{"line":13,"column":35}}]},"1":{"loc":{"start":{"line":17,"column":15},"end":{"line":17,"column":29}},"type":"binary-expr","locations":[{"start":{"line":17,"column":15},"end":{"line":17,"column":23}},{"start":{"line":17,"column":27},"end":{"line":17,"column":29}}]}},"s":{"0":1,"1":1,"2":1,"3":1,"4":1,"5":2,"6":2,"7":2,"8":0,"9":2,"10":2,"11":2,"12":2,"13":1,"14":1},"f":{"0":2,"1":2,"2":1},"b":{"0":[0],"1":[2,1]}}
,"/Users/rahul.bansal/Downloads/wapp/src/Conversation/SendMessage.tsx": {"path":"/Users/rahul.bansal/Downloads/wapp/src/Conversation/SendMessage.tsx","statementMap":{"0":{"start":{"line":9,"column":0},"end":{"line":9,"column":24}},"1":{"start":{"line":1,"column":0},"end":{"line":1,"column":47}},"2":{"start":{"line":2,"column":0},"end":{"line":2,"column":42}},"3":{"start":{"line":3,"column":0},"end":{"line":3,"column":45}},"4":{"start":{"line":4,"column":0},"end":{"line":4,"column":77}},"5":{"start":{"line":10,"column":34},"end":{"line":10,"column":67}},"6":{"start":{"line":11,"column":37},"end":{"line":11,"column":73}},"7":{"start":{"line":12,"column":4},"end":{"line":12,"column":71}},"8":{"start":{"line":12,"column":59},"end":{"line":12,"column":71}},"9":{"start":{"line":14,"column":25},"end":{"line":14,"column":102}},"10":{"start":{"line":17,"column":8},"end":{"line":17,"column":null}},"11":{"start":{"line":18,"column":8},"end":{"line":18,"column":27}},"12":{"start":{"line":18,"column":20},"end":{"line":18,"column":27}},"13":{"start":{"line":19,"column":8},"end":{"line":23,"column":null}},"14":{"start":{"line":24,"column":8},"end":{"line":24,"column":20}},"15":{"start":{"line":25,"column":8},"end":{"line":25,"column":null}},"16":{"start":{"line":29,"column":8},"end":{"line":29,"column":32}},"17":{"start":{"line":30,"column":8},"end":{"line":30,"column":null}},"18":{"start":{"line":33,"column":4},"end":{"line":43,"column":6}}},"fnMap":{"0":{"name":"SendMessage","decl":{"start":{"line":9,"column":24},"end":{"line":9,"column":35}},"loc":{"start":{"line":9,"column":55},"end":{"line":44,"column":1}}},"1":{"name":"onSubmitHandler","decl":{"start":{"line":16,"column":13},"end":{"line":16,"column":28}},"loc":{"start":{"line":16,"column":46},"end":{"line":26,"column":5}}},"2":{"name":"onChangeHandler","decl":{"start":{"line":28,"column":13},"end":{"line":28,"column":28}},"loc":{"start":{"line":28,"column":66},"end":{"line":31,"column":5}}}},"branchMap":{"0":{"loc":{"start":{"line":12,"column":4},"end":{"line":12,"column":71}},"type":"if","locations":[{"start":{"line":12,"column":4},"end":{"line":12,"column":71}}]},"1":{"loc":{"start":{"line":12,"column":7},"end":{"line":12,"column":58}},"type":"binary-expr","locations":[{"start":{"line":12,"column":7},"end":{"line":12,"column":29}},{"start":{"line":12,"column":33},"end":{"line":12,"column":58}}]},"2":{"loc":{"start":{"line":14,"column":34},"end":{"line":14,"column":101}},"type":"binary-expr","locations":[{"start":{"line":14,"column":34},"end":{"line":14,"column":95}},{"start":{"line":14,"column":99},"end":{"line":14,"column":101}}]},"3":{"loc":{"start":{"line":18,"column":8},"end":{"line":18,"column":27}},"type":"if","locations":[{"start":{"line":18,"column":8},"end":{"line":18,"column":27}}]}},"s":{"0":2,"1":2,"2":2,"3":2,"4":2,"5":39,"6":39,"7":39,"8":0,"9":39,"10":3,"11":3,"12":1,"13":2,"14":2,"15":2,"16":32,"17":32,"18":39},"f":{"0":39,"1":3,"2":32},"b":{"0":[0],"1":[39,39],"2":[39,6],"3":[1]}}
,"/Users/rahul.bansal/Downloads/wapp/src/Popups/AddNewChatForm.tsx": {"path":"/Users/rahul.bansal/Downloads/wapp/src/Popups/AddNewChatForm.tsx","statementMap":{"0":{"start":{"line":8,"column":0},"end":{"line":8,"column":24}},"1":{"start":{"line":1,"column":0},"end":{"line":1,"column":45}},"2":{"start":{"line":2,"column":0},"end":{"line":2,"column":56}},"3":{"start":{"line":9,"column":28},"end":{"line":9,"column":48}},"4":{"start":{"line":10,"column":40},"end":{"line":10,"column":60}},"5":{"start":{"line":12,"column":39},"end":{"line":12,"column":77}},"6":{"start":{"line":14,"column":27},"end":{"line":22,"column":5}},"7":{"start":{"line":15,"column":8},"end":{"line":15,"column":27}},"8":{"start":{"line":16,"column":8},"end":{"line":20,"column":null}},"9":{"start":{"line":21,"column":8},"end":{"line":21,"column":28}},"10":{"start":{"line":24,"column":24},"end":{"line":26,"column":5}},"11":{"start":{"line":25,"column":8},"end":{"line":25,"column":28}},"12":{"start":{"line":27,"column":26},"end":{"line":30,"column":5}},"13":{"start":{"line":28,"column":8},"end":{"line":28,"column":null}},"14":{"start":{"line":28,"column":27},"end":{"line":28,"column":null}},"15":{"start":{"line":29,"column":8},"end":{"line":29,"column":75}},"16":{"start":{"line":31,"column":4},"end":{"line":72,"column":6}},"17":{"start":{"line":38,"column":37},"end":{"line":38,"column":60}},"18":{"start":{"line":49,"column":37},"end":{"line":49,"column":66}},"19":{"start":{"line":66,"column":38},"end":{"line":66,"column":57}}},"fnMap":{"0":{"name":"AddNewChatForm","decl":{"start":{"line":8,"column":24},"end":{"line":8,"column":38}},"loc":{"start":{"line":8,"column":87},"end":{"line":73,"column":1}}},"1":{"name":"(anonymous_1)","decl":{"start":{"line":14,"column":27},"end":{"line":14,"column":28}},"loc":{"start":{"line":14,"column":38},"end":{"line":22,"column":5}}},"2":{"name":"(anonymous_2)","decl":{"start":{"line":24,"column":24},"end":{"line":24,"column":27}},"loc":{"start":{"line":24,"column":29},"end":{"line":26,"column":5}}},"3":{"name":"(anonymous_3)","decl":{"start":{"line":27,"column":26},"end":{"line":27,"column":27}},"loc":{"start":{"line":27,"column":69},"end":{"line":30,"column":5}}},"4":{"name":"(anonymous_4)","decl":{"start":{"line":38,"column":30},"end":{"line":38,"column":31}},"loc":{"start":{"line":38,"column":37},"end":{"line":38,"column":60}}},"5":{"name":"(anonymous_5)","decl":{"start":{"line":49,"column":30},"end":{"line":49,"column":31}},"loc":{"start":{"line":49,"column":37},"end":{"line":49,"column":66}}},"6":{"name":"(anonymous_6)","decl":{"start":{"line":66,"column":33},"end":{"line":66,"column":34}},"loc":{"start":{"line":66,"column":38},"end":{"line":66,"column":57}}}},"branchMap":{"0":{"loc":{"start":{"line":28,"column":8},"end":{"line":28,"column":null}},"type":"if","locations":[{"start":{"line":28,"column":8},"end":{"line":28,"column":null}}]},"1":{"loc":{"start":{"line":55,"column":17},"end":{"line":55,"column":156}},"type":"binary-expr","locations":[{"start":{"line":55,"column":17},"end":{"line":55,"column":27}},{"start":{"line":55,"column":31},"end":{"line":55,"column":156}}]}},"s":{"0":1,"1":1,"2":1,"3":3,"4":3,"5":3,"6":3,"7":0,"8":0,"9":0,"10":3,"11":0,"12":3,"13":3,"14":0,"15":3,"16":3,"17":1,"18":1,"19":0},"f":{"0":3,"1":0,"2":0,"3":3,"4":1,"5":1,"6":0},"b":{"0":[0],"1":[3,1]}}
,"/Users/rahul.bansal/Downloads/wapp/src/Previews/AddConversation.tsx": {"path":"/Users/rahul.bansal/Downloads/wapp/src/Previews/AddConversation.tsx","statementMap":{"0":{"start":{"line":7,"column":0},"end":{"line":7,"column":24}},"1":{"start":{"line":1,"column":0},"end":{"line":1,"column":33}},"2":{"start":{"line":2,"column":0},"end":{"line":2,"column":48}},"3":{"start":{"line":3,"column":0},"end":{"line":3,"column":54}},"4":{"start":{"line":4,"column":0},"end":{"line":4,"column":44}},"5":{"start":{"line":9,"column":35},"end":{"line":9,"column":59}},"6":{"start":{"line":11,"column":4},"end":{"line":21,"column":6}},"7":{"start":{"line":13,"column":90},"end":{"line":13,"column":108}}},"fnMap":{"0":{"name":"AddConversation","decl":{"start":{"line":7,"column":24},"end":{"line":7,"column":39}},"loc":{"start":{"line":7,"column":39},"end":{"line":22,"column":1}}},"1":{"name":"(anonymous_2)","decl":{"start":{"line":13,"column":86},"end":{"line":13,"column":88}},"loc":{"start":{"line":13,"column":90},"end":{"line":13,"column":108}}}},"branchMap":{"0":{"loc":{"start":{"line":15,"column":17},"end":{"line":17,"column":null}},"type":"binary-expr","locations":[{"start":{"line":15,"column":17},"end":{"line":15,"column":26}},{"start":{"line":16,"column":20},"end":{"line":17,"column":null}}]}},"s":{"0":1,"1":1,"2":1,"3":1,"4":1,"5":2,"6":2,"7":1},"f":{"0":2,"1":1},"b":{"0":[2,1]}}
,"/Users/rahul.bansal/Downloads/wapp/src/Previews/LeftPane.tsx": {"path":"/Users/rahul.bansal/Downloads/wapp/src/Previews/LeftPane.tsx","statementMap":{"0":{"start":{"line":9,"column":0},"end":{"line":9,"column":24}},"1":{"start":{"line":1,"column":0},"end":{"line":1,"column":48}},"2":{"start":{"line":2,"column":0},"end":{"line":2,"column":36}},"3":{"start":{"line":3,"column":0},"end":{"line":3,"column":50}},"4":{"start":{"line":4,"column":0},"end":{"line":4,"column":36}},"5":{"start":{"line":11,"column":4},"end":{"line":20,"column":6}}},"fnMap":{"0":{"name":"LeftPane","decl":{"start":{"line":9,"column":24},"end":{"line":9,"column":32}},"loc":{"start":{"line":9,"column":61},"end":{"line":21,"column":1}}}},"branchMap":{"0":{"loc":{"start":{"line":9,"column":34},"end":{"line":9,"column":46}},"type":"default-arg","locations":[{"start":{"line":9,"column":44},"end":{"line":9,"column":46}}]}},"s":{"0":1,"1":1,"2":1,"3":1,"4":1,"5":1},"f":{"0":1},"b":{"0":[1]}}
,"/Users/rahul.bansal/Downloads/wapp/src/Previews/SearchBar.tsx": {"path":"/Users/rahul.bansal/Downloads/wapp/src/Previews/SearchBar.tsx","statementMap":{"0":{"start":{"line":1,"column":0},"end":{"line":1,"column":42}},"1":{"start":{"line":2,"column":0},"end":{"line":2,"column":64}},"2":{"start":{"line":7,"column":17},"end":{"line":35,"column":2}},"3":{"start":{"line":8,"column":37},"end":{"line":8,"column":49}},"4":{"start":{"line":9,"column":24},"end":{"line":9,"column":36}},"5":{"start":{"line":11,"column":2},"end":{"line":34,"column":4}},"6":{"start":{"line":21,"column":29},"end":{"line":21,"column":58}},"7":{"start":{"line":29,"column":10},"end":{"line":29,"column":null}},"8":{"start":{"line":37,"column":0},"end":{"line":37,"column":25}}},"fnMap":{"0":{"name":"(anonymous_6)","decl":{"start":{"line":7,"column":22},"end":{"line":7,"column":23}},"loc":{"start":{"line":7,"column":68},"end":{"line":35,"column":1}}},"1":{"name":"(anonymous_7)","decl":{"start":{"line":21,"column":22},"end":{"line":21,"column":23}},"loc":{"start":{"line":21,"column":29},"end":{"line":21,"column":58}}},"2":{"name":"(anonymous_8)","decl":{"start":{"line":28,"column":31},"end":{"line":28,"column":36}},"loc":{"start":{"line":28,"column":38},"end":{"line":30,"column":9}}}},"branchMap":{"0":{"loc":{"start":{"line":7,"column":25},"end":{"line":7,"column":37}},"type":"default-arg","locations":[{"start":{"line":7,"column":35},"end":{"line":7,"column":37}}]}},"s":{"0":2,"1":2,"2":2,"3":4,"4":4,"5":4,"6":1,"7":1,"8":2},"f":{"0":4,"1":1,"2":1},"b":{"0":[3]}}
}
