{"/Users/rahul.bansal/Downloads/wapp/src/Popups/AddNewChatForm.tsx": {"path":"/Users/rahul.bansal/Downloads/wapp/src/Popups/AddNewChatForm.tsx","statementMap":{"0":{"start":{"line":8,"column":0},"end":{"line":8,"column":24}},"1":{"start":{"line":1,"column":0},"end":{"line":1,"column":45}},"2":{"start":{"line":2,"column":0},"end":{"line":2,"column":56}},"3":{"start":{"line":9,"column":28},"end":{"line":9,"column":48}},"4":{"start":{"line":10,"column":40},"end":{"line":10,"column":60}},"5":{"start":{"line":12,"column":39},"end":{"line":12,"column":77}},"6":{"start":{"line":14,"column":27},"end":{"line":22,"column":5}},"7":{"start":{"line":15,"column":8},"end":{"line":15,"column":27}},"8":{"start":{"line":16,"column":8},"end":{"line":20,"column":null}},"9":{"start":{"line":21,"column":8},"end":{"line":21,"column":28}},"10":{"start":{"line":24,"column":24},"end":{"line":26,"column":5}},"11":{"start":{"line":25,"column":8},"end":{"line":25,"column":28}},"12":{"start":{"line":27,"column":26},"end":{"line":32,"column":5}},"13":{"start":{"line":28,"column":8},"end":{"line":31,"column":9}},"14":{"start":{"line":29,"column":12},"end":{"line":29,"column":null}},"15":{"start":{"line":30,"column":12},"end":{"line":30,"column":79}},"16":{"start":{"line":33,"column":4},"end":{"line":74,"column":6}},"17":{"start":{"line":40,"column":37},"end":{"line":40,"column":60}},"18":{"start":{"line":51,"column":37},"end":{"line":51,"column":66}},"19":{"start":{"line":68,"column":38},"end":{"line":68,"column":57}}},"fnMap":{"0":{"name":"AddNewChatForm","decl":{"start":{"line":8,"column":24},"end":{"line":8,"column":38}},"loc":{"start":{"line":8,"column":87},"end":{"line":75,"column":1}}},"1":{"name":"(anonymous_1)","decl":{"start":{"line":14,"column":27},"end":{"line":14,"column":28}},"loc":{"start":{"line":14,"column":38},"end":{"line":22,"column":5}}},"2":{"name":"(anonymous_2)","decl":{"start":{"line":24,"column":24},"end":{"line":24,"column":27}},"loc":{"start":{"line":24,"column":29},"end":{"line":26,"column":5}}},"3":{"name":"(anonymous_3)","decl":{"start":{"line":27,"column":26},"end":{"line":27,"column":27}},"loc":{"start":{"line":27,"column":69},"end":{"line":32,"column":5}}},"4":{"name":"(anonymous_4)","decl":{"start":{"line":40,"column":30},"end":{"line":40,"column":31}},"loc":{"start":{"line":40,"column":37},"end":{"line":40,"column":60}}},"5":{"name":"(anonymous_5)","decl":{"start":{"line":51,"column":30},"end":{"line":51,"column":31}},"loc":{"start":{"line":51,"column":37},"end":{"line":51,"column":66}}},"6":{"name":"(anonymous_6)","decl":{"start":{"line":68,"column":33},"end":{"line":68,"column":34}},"loc":{"start":{"line":68,"column":38},"end":{"line":68,"column":57}}}},"branchMap":{"0":{"loc":{"start":{"line":28,"column":8},"end":{"line":31,"column":9}},"type":"if","locations":[{"start":{"line":28,"column":8},"end":{"line":31,"column":9}}]},"1":{"loc":{"start":{"line":57,"column":17},"end":{"line":57,"column":156}},"type":"binary-expr","locations":[{"start":{"line":57,"column":17},"end":{"line":57,"column":27}},{"start":{"line":57,"column":31},"end":{"line":57,"column":156}}]}},"s":{"0":1,"1":1,"2":1,"3":13,"4":13,"5":13,"6":13,"7":0,"8":0,"9":0,"10":13,"11":0,"12":13,"13":12,"14":0,"15":0,"16":13,"17":12,"18":0,"19":0},"f":{"0":13,"1":0,"2":0,"3":12,"4":12,"5":0,"6":0},"b":{"0":[0],"1":[13,0]}}
}
