TN:
SF:src/Conversation/Message.tsx
FN:16,(anonymous_1)
FN:26,deleteMessage
FN:34,editMessage
FN:43,(anonymous_4)
FN:53,(anonymous_5)
FN:65,(anonymous_6)
FN:68,(anonymous_7)
FNF:7
FNH:2
FNDA:1,(anonymous_1)
FNDA:0,deleteMessage
FNDA:0,editMessage
FNDA:1,(anonymous_4)
FNDA:0,(anonymous_5)
FNDA:0,(anonymous_6)
FNDA:0,(anonymous_7)
DA:1,1
DA:2,1
DA:3,1
DA:4,1
DA:5,1
DA:6,1
DA:7,1
DA:8,1
DA:16,1
DA:17,1
DA:18,1
DA:19,1
DA:21,1
DA:23,1
DA:24,1
DA:27,0
DA:35,0
DA:43,1
DA:44,1
DA:45,1
DA:49,1
DA:53,0
DA:65,0
DA:68,0
DA:81,1
LF:25
LH:20
BRDA:21,0,0,0
BRDA:44,1,0,1
BRDA:44,2,0,1
BRDA:44,2,1,1
BRDA:51,3,0,0
BRDA:51,3,1,1
BRDA:57,4,0,0
BRDA:57,4,1,1
BRF:8
BRH:5
end_of_record
