TN:
SF:src/context.ts
FN:18,setMyConversationsList
FN:21,(anonymous_1)
FN:70,setAllConversations
FN:91,(anonymous_3)
FN:103,(anonymous_4)
FNF:5
FNH:1
FNDA:0,setMyConversationsList
FNDA:0,(anonymous_1)
FNDA:1,setAllConversations
FNDA:0,(anonymous_3)
FNDA:0,(anonymous_4)
DA:1,3
DA:2,3
DA:5,3
DA:6,3
DA:8,3
DA:9,3
DA:11,3
DA:12,3
DA:18,3
DA:19,0
DA:21,0
DA:22,0
DA:24,0
DA:25,0
DA:26,0
DA:27,0
DA:30,0
DA:31,0
DA:32,0
DA:40,0
DA:41,0
DA:44,0
DA:70,3
DA:71,1
DA:72,1
DA:74,1
DA:76,1
DA:83,1
DA:87,1
DA:88,1
DA:91,0
DA:92,0
DA:94,0
DA:95,0
DA:99,0
DA:100,0
DA:103,0
DA:104,0
DA:106,0
DA:110,0
DA:114,0
DA:115,0
DA:118,0
LF:43
LH:17
BRDA:19,0,0,0
BRDA:19,0,1,0
BRDA:19,0,2,0
BRDA:31,1,0,0
BRDA:31,2,0,0
BRDA:31,2,1,0
BRDA:71,3,0,0
BRDA:71,3,1,1
BRDA:74,4,0,1
BRDA:74,4,1,0
BRDA:74,4,2,0
BRDA:74,4,3,0
BRF:12
BRH:2
end_of_record
TN:
SF:src/Conversation/AllMessage.tsx
FN:10,AllMessage
FN:15,(anonymous_2)
FN:23,(anonymous_3)
FNF:3
FNH:3
FNDA:2,AllMessage
FNDA:2,(anonymous_2)
FNDA:1,(anonymous_3)
DA:1,1
DA:2,1
DA:3,1
DA:4,1
DA:10,1
DA:11,2
DA:12,2
DA:13,2
DA:15,2
DA:16,2
DA:17,2
DA:20,2
DA:24,1
DA:25,1
LF:14
LH:14
BRDA:13,0,0,0
BRDA:17,1,0,2
BRDA:17,1,1,1
BRF:3
BRH:2
end_of_record
TN:
SF:src/Conversation/SendMessage.tsx
FN:9,SendMessage
FN:16,onSubmitHandler
FN:28,onChangeHandler
FNF:3
FNH:3
FNDA:39,SendMessage
FNDA:3,onSubmitHandler
FNDA:32,onChangeHandler
DA:1,2
DA:2,2
DA:3,2
DA:4,2
DA:9,2
DA:10,39
DA:11,39
DA:12,39
DA:14,39
DA:17,3
DA:18,3
DA:19,2
DA:24,2
DA:25,2
DA:29,32
DA:30,32
DA:33,39
LF:17
LH:17
BRDA:12,0,0,0
BRDA:12,1,0,39
BRDA:12,1,1,39
BRDA:14,2,0,39
BRDA:14,2,1,6
BRDA:18,3,0,1
BRF:6
BRH:5
end_of_record
TN:
SF:src/Popups/AddNewChatForm.tsx
FN:8,AddNewChatForm
FN:14,(anonymous_1)
FN:24,(anonymous_2)
FN:27,(anonymous_3)
FN:38,(anonymous_4)
FN:49,(anonymous_5)
FN:66,(anonymous_6)
FNF:7
FNH:4
FNDA:3,AddNewChatForm
FNDA:0,(anonymous_1)
FNDA:0,(anonymous_2)
FNDA:3,(anonymous_3)
FNDA:1,(anonymous_4)
FNDA:1,(anonymous_5)
FNDA:0,(anonymous_6)
DA:1,1
DA:2,1
DA:8,1
DA:9,3
DA:10,3
DA:12,3
DA:14,3
DA:15,0
DA:16,0
DA:21,0
DA:24,3
DA:25,0
DA:27,3
DA:28,3
DA:29,3
DA:31,3
DA:38,1
DA:49,1
DA:66,0
LF:19
LH:14
BRDA:28,0,0,0
BRDA:55,1,0,3
BRDA:55,1,1,1
BRF:3
BRH:2
end_of_record
TN:
SF:src/Previews/AddConversation.tsx
FN:7,AddConversation
FN:13,(anonymous_2)
FNF:2
FNH:2
FNDA:2,AddConversation
FNDA:1,(anonymous_2)
DA:1,1
DA:2,1
DA:3,1
DA:4,1
DA:7,1
DA:9,2
DA:11,2
DA:13,1
LF:8
LH:8
BRDA:15,0,0,2
BRDA:15,0,1,1
BRF:2
BRH:2
end_of_record
TN:
SF:src/Previews/LeftPane.tsx
FN:9,LeftPane
FNF:1
FNH:1
FNDA:1,LeftPane
DA:1,1
DA:2,1
DA:3,1
DA:4,1
DA:9,1
DA:11,1
LF:6
LH:6
BRDA:9,0,0,1
BRF:1
BRH:1
end_of_record
TN:
SF:src/Previews/SearchBar.tsx
FN:7,(anonymous_6)
FN:21,(anonymous_7)
FN:28,(anonymous_8)
FNF:3
FNH:3
FNDA:4,(anonymous_6)
FNDA:1,(anonymous_7)
FNDA:1,(anonymous_8)
DA:1,2
DA:2,2
DA:7,2
DA:8,4
DA:9,4
DA:11,4
DA:21,1
DA:29,1
DA:37,2
LF:9
LH:9
BRDA:7,0,0,3
BRF:1
BRH:1
end_of_record
